This is pdfTeX, Version 3.14159265-2.6-1.40.15 (TeX Live 2014/Chakra Linux) (preloaded format=pdflatex 2015.4.3)  19 OCT 2015 23:50
entering extended mode
 restricted \write18 enabled.
 %&-line parsing enabled.
**2015_10_17_advanced_latex.tex
(./2015_10_17_advanced_latex.tex
LaTeX2e <2014/05/01>
Babel <3.9k> and hyphenation patterns for 79 languages loaded.
(/usr/share/texmf-dist/tex/latex/beamer/beamer.cls
(/usr/share/texmf-dist/tex/latex/beamer/beamerbasercs.sty
Package: beamerbasercs 2013/12/25 (rcs-revision 31cc758a62ae)
)
Document Class: beamer 2013/12/02 3.33 A class for typesetting presentations (r
cs-revision 332bfd3ce558)
(/usr/share/texmf-dist/tex/latex/beamer/beamerbasemodes.sty
Package: beamerbasemodes 2013/09/03 (rcs-revision 768f2d98ca64)
\beamer@tempbox=\box26
\beamer@tempcount=\count79
\c@beamerpauses=\count80

(/usr/share/texmf-dist/tex/latex/beamer/beamerbasedecode.sty
Package: beamerbasedecode 2010/05/01 (rcs-revision efa082c6111d)
\beamer@slideinframe=\count81
\beamer@minimum=\count82
)
\beamer@commentbox=\box27
\beamer@modecount=\count83
)
(/usr/share/texmf-dist/tex/generic/oberdiek/ifpdf.sty
Package: ifpdf 2011/01/30 v2.3 Provides the ifpdf switch (HO)
Package ifpdf Info: pdfTeX in PDF mode is detected.
)
\headheight=\dimen102
\headdp=\dimen103
\footheight=\dimen104
\sidebarheight=\dimen105
\beamer@tempdim=\dimen106
\beamer@finalheight=\dimen107
\beamer@animht=\dimen108
\beamer@animdp=\dimen109
\beamer@animwd=\dimen110
\beamer@leftmargin=\dimen111
\beamer@rightmargin=\dimen112
\beamer@leftsidebar=\dimen113
\beamer@rightsidebar=\dimen114
\beamer@boxsize=\dimen115
\beamer@vboxoffset=\dimen116
\beamer@descdefault=\dimen117
\beamer@descriptionwidth=\dimen118
\beamer@lastskip=\skip41
\beamer@areabox=\box28
\beamer@animcurrent=\box29
\beamer@animshowbox=\box30
\beamer@sectionbox=\box31
\beamer@logobox=\box32
\beamer@linebox=\box33
\beamer@sectioncount=\count84
\beamer@subsubsectionmax=\count85
\beamer@subsectionmax=\count86
\beamer@sectionmax=\count87
\beamer@totalheads=\count88
\beamer@headcounter=\count89
\beamer@partstartpage=\count90
\beamer@sectionstartpage=\count91
\beamer@subsectionstartpage=\count92
\beamer@animationtempa=\count93
\beamer@animationtempb=\count94
\beamer@xpos=\count95
\beamer@ypos=\count96
\beamer@showpartnumber=\count97
\beamer@currentsubsection=\count98
\beamer@coveringdepth=\count99
\beamer@sectionadjust=\count100
\beamer@tocsectionnumber=\count101

(/usr/share/texmf-dist/tex/latex/beamer/beamerbaseoptions.sty
Package: beamerbaseoptions 2013/03/10 (rcs-revision 47431932db0d)

(/usr/share/texmf-dist/tex/latex/graphics/keyval.sty
Package: keyval 2014/05/08 v1.15 key=value parser (DPC)
\KV@toks@=\toks14
))
\beamer@paperwidth=\skip42
\beamer@paperheight=\skip43

(/usr/share/texmf-dist/tex/latex/geometry/geometry.sty
Package: geometry 2010/09/12 v5.6 Page Geometry

(/usr/share/texmf-dist/tex/generic/oberdiek/ifvtex.sty
Package: ifvtex 2010/03/01 v1.5 Detect VTeX and its facilities (HO)
Package ifvtex Info: VTeX not detected.
)
(/usr/share/texmf-dist/tex/generic/ifxetex/ifxetex.sty
Package: ifxetex 2010/09/12 v0.6 Provides ifxetex conditional
)
\Gm@cnth=\count102
\Gm@cntv=\count103
\c@Gm@tempcnt=\count104
\Gm@bindingoffset=\dimen119
\Gm@wd@mp=\dimen120
\Gm@odd@mp=\dimen121
\Gm@even@mp=\dimen122
\Gm@layoutwidth=\dimen123
\Gm@layoutheight=\dimen124
\Gm@layouthoffset=\dimen125
\Gm@layoutvoffset=\dimen126
\Gm@dimlist=\toks15
)
(/usr/share/texmf-dist/tex/latex/base/size11.clo
File: size11.clo 2007/10/19 v1.4h Standard LaTeX file (size option)
)
(/usr/share/texmf-dist/tex/latex/pgf/basiclayer/pgfcore.sty
(/usr/share/texmf-dist/tex/latex/graphics/graphicx.sty
Package: graphicx 2014/04/25 v1.0g Enhanced LaTeX Graphics (DPC,SPQR)

(/usr/share/texmf-dist/tex/latex/graphics/graphics.sty
Package: graphics 2009/02/05 v1.0o Standard LaTeX Graphics (DPC,SPQR)

(/usr/share/texmf-dist/tex/latex/graphics/trig.sty
Package: trig 1999/03/16 v1.09 sin cos tan (DPC)
)
(/usr/share/texmf-dist/tex/latex/latexconfig/graphics.cfg
File: graphics.cfg 2010/04/23 v1.9 graphics configuration of TeX Live
)
Package graphics Info: Driver file: pdftex.def on input line 91.

(/usr/share/texmf-dist/tex/latex/pdftex-def/pdftex.def
File: pdftex.def 2011/05/27 v0.06d Graphics/color for pdfTeX

(/usr/share/texmf-dist/tex/generic/oberdiek/infwarerr.sty
Package: infwarerr 2010/04/08 v1.3 Providing info/warning/error messages (HO)
)
(/usr/share/texmf-dist/tex/generic/oberdiek/ltxcmds.sty
Package: ltxcmds 2011/11/09 v1.22 LaTeX kernel commands for general use (HO)
)
\Gread@gobject=\count105
))
\Gin@req@height=\dimen127
\Gin@req@width=\dimen128
)
(/usr/share/texmf-dist/tex/latex/pgf/systemlayer/pgfsys.sty
(/usr/share/texmf-dist/tex/latex/pgf/utilities/pgfrcs.sty
(/usr/share/texmf-dist/tex/generic/pgf/utilities/pgfutil-common.tex
\pgfutil@everybye=\toks16
\pgfutil@tempdima=\dimen129
\pgfutil@tempdimb=\dimen130

(/usr/share/texmf-dist/tex/generic/pgf/utilities/pgfutil-common-lists.tex))
(/usr/share/texmf-dist/tex/generic/pgf/utilities/pgfutil-latex.def
\pgfutil@abb=\box34

(/usr/share/texmf-dist/tex/latex/ms/everyshi.sty
Package: everyshi 2001/05/15 v3.00 EveryShipout Package (MS)
))
(/usr/share/texmf-dist/tex/generic/pgf/utilities/pgfrcs.code.tex
Package: pgfrcs 2013/12/20 v3.0.0 (rcs-revision 1.28)
))
(/usr/share/texmf-dist/tex/generic/pgf/systemlayer/pgfsys.code.tex
Package: pgfsys 2013/11/30 v3.0.0 (rcs-revision 1.47)

(/usr/share/texmf-dist/tex/generic/pgf/utilities/pgfkeys.code.tex
\pgfkeys@pathtoks=\toks17
\pgfkeys@temptoks=\toks18

(/usr/share/texmf-dist/tex/generic/pgf/utilities/pgfkeysfiltered.code.tex
\pgfkeys@tmptoks=\toks19
))
\pgf@x=\dimen131
\pgf@y=\dimen132
\pgf@xa=\dimen133
\pgf@ya=\dimen134
\pgf@xb=\dimen135
\pgf@yb=\dimen136
\pgf@xc=\dimen137
\pgf@yc=\dimen138
\w@pgf@writea=\write3
\r@pgf@reada=\read1
\c@pgf@counta=\count106
\c@pgf@countb=\count107
\c@pgf@countc=\count108
\c@pgf@countd=\count109
\t@pgf@toka=\toks20
\t@pgf@tokb=\toks21
\t@pgf@tokc=\toks22

(/usr/share/texmf-dist/tex/generic/pgf/systemlayer/pgf.cfg
File: pgf.cfg 2008/05/14  (rcs-revision 1.7)
)
Driver file for pgf: pgfsys-pdftex.def

(/usr/share/texmf-dist/tex/generic/pgf/systemlayer/pgfsys-pdftex.def
File: pgfsys-pdftex.def 2013/07/18  (rcs-revision 1.33)

(/usr/share/texmf-dist/tex/generic/pgf/systemlayer/pgfsys-common-pdf.def
File: pgfsys-common-pdf.def 2013/10/10  (rcs-revision 1.13)
)))
(/usr/share/texmf-dist/tex/generic/pgf/systemlayer/pgfsyssoftpath.code.tex
File: pgfsyssoftpath.code.tex 2013/09/09  (rcs-revision 1.9)
\pgfsyssoftpath@smallbuffer@items=\count110
\pgfsyssoftpath@bigbuffer@items=\count111
)
(/usr/share/texmf-dist/tex/generic/pgf/systemlayer/pgfsysprotocol.code.tex
File: pgfsysprotocol.code.tex 2006/10/16  (rcs-revision 1.4)
))
(/usr/share/texmf-dist/tex/latex/xcolor/xcolor.sty
Package: xcolor 2007/01/21 v2.11 LaTeX color extensions (UK)

(/usr/share/texmf-dist/tex/latex/latexconfig/color.cfg
File: color.cfg 2007/01/18 v1.5 color configuration of teTeX/TeXLive
)
Package xcolor Info: Driver file: pdftex.def on input line 225.
Package xcolor Info: Model `cmy' substituted by `cmy0' on input line 1337.
Package xcolor Info: Model `hsb' substituted by `rgb' on input line 1341.
Package xcolor Info: Model `RGB' extended on input line 1353.
Package xcolor Info: Model `HTML' substituted by `rgb' on input line 1355.
Package xcolor Info: Model `Hsb' substituted by `hsb' on input line 1356.
Package xcolor Info: Model `tHsb' substituted by `hsb' on input line 1357.
Package xcolor Info: Model `HSB' substituted by `hsb' on input line 1358.
Package xcolor Info: Model `Gray' substituted by `gray' on input line 1359.
Package xcolor Info: Model `wave' substituted by `hsb' on input line 1360.
)
(/usr/share/texmf-dist/tex/generic/pgf/basiclayer/pgfcore.code.tex
Package: pgfcore 2010/04/11 v3.0.0 (rcs-revision 1.7)

(/usr/share/texmf-dist/tex/generic/pgf/math/pgfmath.code.tex
(/usr/share/texmf-dist/tex/generic/pgf/math/pgfmathcalc.code.tex
(/usr/share/texmf-dist/tex/generic/pgf/math/pgfmathutil.code.tex)
(/usr/share/texmf-dist/tex/generic/pgf/math/pgfmathparser.code.tex
\pgfmath@dimen=\dimen139
\pgfmath@count=\count112
\pgfmath@box=\box35
\pgfmath@toks=\toks23
\pgfmath@stack@operand=\toks24
\pgfmath@stack@operation=\toks25
)
(/usr/share/texmf-dist/tex/generic/pgf/math/pgfmathfunctions.code.tex
(/usr/share/texmf-dist/tex/generic/pgf/math/pgfmathfunctions.basic.code.tex)
(/usr/share/texmf-dist/tex/generic/pgf/math/pgfmathfunctions.trigonometric.code
.tex)
(/usr/share/texmf-dist/tex/generic/pgf/math/pgfmathfunctions.random.code.tex)
(/usr/share/texmf-dist/tex/generic/pgf/math/pgfmathfunctions.comparison.code.te
x) (/usr/share/texmf-dist/tex/generic/pgf/math/pgfmathfunctions.base.code.tex)
(/usr/share/texmf-dist/tex/generic/pgf/math/pgfmathfunctions.round.code.tex)
(/usr/share/texmf-dist/tex/generic/pgf/math/pgfmathfunctions.misc.code.tex)
(/usr/share/texmf-dist/tex/generic/pgf/math/pgfmathfunctions.integerarithmetics
.code.tex))) (/usr/share/texmf-dist/tex/generic/pgf/math/pgfmathfloat.code.tex
\c@pgfmathroundto@lastzeros=\count113
)) (/usr/share/texmf-dist/tex/generic/pgf/basiclayer/pgfcorepoints.code.tex
File: pgfcorepoints.code.tex 2013/10/07  (rcs-revision 1.27)
\pgf@picminx=\dimen140
\pgf@picmaxx=\dimen141
\pgf@picminy=\dimen142
\pgf@picmaxy=\dimen143
\pgf@pathminx=\dimen144
\pgf@pathmaxx=\dimen145
\pgf@pathminy=\dimen146
\pgf@pathmaxy=\dimen147
\pgf@xx=\dimen148
\pgf@xy=\dimen149
\pgf@yx=\dimen150
\pgf@yy=\dimen151
\pgf@zx=\dimen152
\pgf@zy=\dimen153
)
(/usr/share/texmf-dist/tex/generic/pgf/basiclayer/pgfcorepathconstruct.code.tex
File: pgfcorepathconstruct.code.tex 2013/10/07  (rcs-revision 1.29)
\pgf@path@lastx=\dimen154
\pgf@path@lasty=\dimen155
) (/usr/share/texmf-dist/tex/generic/pgf/basiclayer/pgfcorepathusage.code.tex
File: pgfcorepathusage.code.tex 2013/12/13  (rcs-revision 1.23)
\pgf@shorten@end@additional=\dimen156
\pgf@shorten@start@additional=\dimen157
)
(/usr/share/texmf-dist/tex/generic/pgf/basiclayer/pgfcorescopes.code.tex
File: pgfcorescopes.code.tex 2013/10/09  (rcs-revision 1.44)
\pgfpic=\box36
\pgf@hbox=\box37
\pgf@layerbox@main=\box38
\pgf@picture@serial@count=\count114
)
(/usr/share/texmf-dist/tex/generic/pgf/basiclayer/pgfcoregraphicstate.code.tex
File: pgfcoregraphicstate.code.tex 2013/09/19  (rcs-revision 1.11)
\pgflinewidth=\dimen158
)
(/usr/share/texmf-dist/tex/generic/pgf/basiclayer/pgfcoretransformations.code.t
ex
File: pgfcoretransformations.code.tex 2013/10/10  (rcs-revision 1.17)
\pgf@pt@x=\dimen159
\pgf@pt@y=\dimen160
\pgf@pt@temp=\dimen161
) (/usr/share/texmf-dist/tex/generic/pgf/basiclayer/pgfcorequick.code.tex
File: pgfcorequick.code.tex 2008/10/09  (rcs-revision 1.3)
)
(/usr/share/texmf-dist/tex/generic/pgf/basiclayer/pgfcoreobjects.code.tex
File: pgfcoreobjects.code.tex 2006/10/11  (rcs-revision 1.2)
)
(/usr/share/texmf-dist/tex/generic/pgf/basiclayer/pgfcorepathprocessing.code.te
x
File: pgfcorepathprocessing.code.tex 2013/09/09  (rcs-revision 1.9)
) (/usr/share/texmf-dist/tex/generic/pgf/basiclayer/pgfcorearrows.code.tex
File: pgfcorearrows.code.tex 2013/11/07  (rcs-revision 1.40)
\pgfarrowsep=\dimen162
)
(/usr/share/texmf-dist/tex/generic/pgf/basiclayer/pgfcoreshade.code.tex
File: pgfcoreshade.code.tex 2013/07/15  (rcs-revision 1.15)
\pgf@max=\dimen163
\pgf@sys@shading@range@num=\count115
)
(/usr/share/texmf-dist/tex/generic/pgf/basiclayer/pgfcoreimage.code.tex
File: pgfcoreimage.code.tex 2013/07/15  (rcs-revision 1.18)

(/usr/share/texmf-dist/tex/generic/pgf/basiclayer/pgfcoreexternal.code.tex
File: pgfcoreexternal.code.tex 2013/07/15  (rcs-revision 1.20)
\pgfexternal@startupbox=\box39
))
(/usr/share/texmf-dist/tex/generic/pgf/basiclayer/pgfcorelayers.code.tex
File: pgfcorelayers.code.tex 2013/07/18  (rcs-revision 1.7)
)
(/usr/share/texmf-dist/tex/generic/pgf/basiclayer/pgfcoretransparency.code.tex
File: pgfcoretransparency.code.tex 2013/09/30  (rcs-revision 1.5)
) (/usr/share/texmf-dist/tex/generic/pgf/basiclayer/pgfcorepatterns.code.tex
File: pgfcorepatterns.code.tex 2013/11/07  (rcs-revision 1.5)
)))
(/usr/share/texmf-dist/tex/latex/pgf/utilities/xxcolor.sty
Package: xxcolor 2003/10/24 ver 0.1
\XC@nummixins=\count116
\XC@countmixins=\count117
)
(/usr/share/texmf-dist/tex/generic/oberdiek/atbegshi.sty
Package: atbegshi 2011/10/05 v1.16 At begin shipout hook (HO)
)
(/usr/share/texmf-dist/tex/latex/hyperref/hyperref.sty
Package: hyperref 2012/11/06 v6.83m Hypertext links for LaTeX

(/usr/share/texmf-dist/tex/generic/oberdiek/hobsub-hyperref.sty
Package: hobsub-hyperref 2012/05/28 v1.13 Bundle oberdiek, subset hyperref (HO)


(/usr/share/texmf-dist/tex/generic/oberdiek/hobsub-generic.sty
Package: hobsub-generic 2012/05/28 v1.13 Bundle oberdiek, subset generic (HO)
Package: hobsub 2012/05/28 v1.13 Construct package bundles (HO)
Package hobsub Info: Skipping package `infwarerr' (already loaded).
Package hobsub Info: Skipping package `ltxcmds' (already loaded).
Package: ifluatex 2010/03/01 v1.3 Provides the ifluatex switch (HO)
Package ifluatex Info: LuaTeX not detected.
Package hobsub Info: Skipping package `ifvtex' (already loaded).
Package: intcalc 2007/09/27 v1.1 Expandable calculations with integers (HO)
Package hobsub Info: Skipping package `ifpdf' (already loaded).
Package: etexcmds 2011/02/16 v1.5 Avoid name clashes with e-TeX commands (HO)
Package etexcmds Info: Could not find \expanded.
(etexcmds)             That can mean that you are not using pdfTeX 1.50 or
(etexcmds)             that some package has redefined \expanded.
(etexcmds)             In the latter case, load this package earlier.
Package: kvsetkeys 2012/04/25 v1.16 Key value parser (HO)
Package: kvdefinekeys 2011/04/07 v1.3 Define keys (HO)
Package: pdftexcmds 2011/11/29 v0.20 Utility functions of pdfTeX for LuaTeX (HO
)
Package pdftexcmds Info: LuaTeX not detected.
Package pdftexcmds Info: \pdf@primitive is available.
Package pdftexcmds Info: \pdf@ifprimitive is available.
Package pdftexcmds Info: \pdfdraftmode found.
Package: pdfescape 2011/11/25 v1.13 Implements pdfTeX's escape features (HO)
Package: bigintcalc 2012/04/08 v1.3 Expandable calculations on big integers (HO
)
Package: bitset 2011/01/30 v1.1 Handle bit-vector datatype (HO)
Package: uniquecounter 2011/01/30 v1.2 Provide unlimited unique counter (HO)
)
Package hobsub Info: Skipping package `hobsub' (already loaded).
Package: letltxmacro 2010/09/02 v1.4 Let assignment for LaTeX macros (HO)
Package: hopatch 2012/05/28 v1.2 Wrapper for package hooks (HO)
Package: xcolor-patch 2011/01/30 xcolor patch
Package: atveryend 2011/06/30 v1.8 Hooks at the very end of document (HO)
Package atveryend Info: \enddocument detected (standard20110627).
Package hobsub Info: Skipping package `atbegshi' (already loaded).
Package: refcount 2011/10/16 v3.4 Data extraction from label references (HO)
Package: hycolor 2011/01/30 v1.7 Color options for hyperref/bookmark (HO)
)
(/usr/share/texmf-dist/tex/latex/oberdiek/auxhook.sty
Package: auxhook 2011/03/04 v1.3 Hooks for auxiliary files (HO)
)
(/usr/share/texmf-dist/tex/latex/oberdiek/kvoptions.sty
Package: kvoptions 2011/06/30 v3.11 Key value format for package options (HO)
)
\@linkdim=\dimen164
\Hy@linkcounter=\count118
\Hy@pagecounter=\count119

(/usr/share/texmf-dist/tex/latex/hyperref/pd1enc.def
File: pd1enc.def 2012/11/06 v6.83m Hyperref: PDFDocEncoding definition (HO)
)
\Hy@SavedSpaceFactor=\count120

(/usr/share/texmf-dist/tex/latex/latexconfig/hyperref.cfg
File: hyperref.cfg 2002/06/06 v1.2 hyperref configuration of TeXLive
)
Package hyperref Info: Option `bookmarks' set `true' on input line 4319.
Package hyperref Info: Option `bookmarksopen' set `true' on input line 4319.
Package hyperref Info: Option `implicit' set `false' on input line 4319.
Package hyperref Info: Hyper figures OFF on input line 4443.
Package hyperref Info: Link nesting OFF on input line 4448.
Package hyperref Info: Hyper index ON on input line 4451.
Package hyperref Info: Plain pages OFF on input line 4458.
Package hyperref Info: Backreferencing OFF on input line 4463.
Package hyperref Info: Implicit mode OFF; no redefinition of LaTeX internals.
Package hyperref Info: Bookmarks ON on input line 4688.
\c@Hy@tempcnt=\count121

(/usr/share/texmf-dist/tex/latex/url/url.sty
\Urlmuskip=\muskip10
Package: url 2013/09/16  ver 3.4  Verb mode for urls, etc.
)
LaTeX Info: Redefining \url on input line 5041.
\XeTeXLinkMargin=\dimen165
\Fld@menulength=\count122
\Field@Width=\dimen166
\Fld@charsize=\dimen167
Package hyperref Info: Hyper figures OFF on input line 6295.
Package hyperref Info: Link nesting OFF on input line 6300.
Package hyperref Info: Hyper index ON on input line 6303.
Package hyperref Info: backreferencing OFF on input line 6310.
Package hyperref Info: Link coloring OFF on input line 6315.
Package hyperref Info: Link coloring with OCG OFF on input line 6320.
Package hyperref Info: PDF/A mode OFF on input line 6325.
LaTeX Info: Redefining \ref on input line 6365.
LaTeX Info: Redefining \pageref on input line 6369.
\Hy@abspage=\count123


Package hyperref Message: Stopped early.

)

Package hyperref Message: Driver (autodetected): hpdftex.

(/usr/share/texmf-dist/tex/latex/hyperref/hpdftex.def
File: hpdftex.def 2012/11/06 v6.83m Hyperref driver for pdfTeX
\Fld@listcount=\count124
\c@bookmark@seq@number=\count125

(/usr/share/texmf-dist/tex/latex/oberdiek/rerunfilecheck.sty
Package: rerunfilecheck 2011/04/15 v1.7 Rerun checks for auxiliary files (HO)
Package uniquecounter Info: New unique counter `rerunfilecheck' on input line 2
82.
))
(/usr/share/texmf-dist/tex/latex/beamer/beamerbaserequires.sty
Package: beamerbaserequires 2010/05/01  (rcs-revision efa082c6111d)

(/usr/share/texmf-dist/tex/latex/beamer/beamerbasecompatibility.sty
Package: beamerbasecompatibility 2012/05/01  (rcs-revision 67c48b3b652d)
)
(/usr/share/texmf-dist/tex/latex/beamer/beamerbasefont.sty
Package: beamerbasefont 2013/10/18  (rcs-revision 72f39e01808a)

(/usr/share/texmf-dist/tex/latex/amsfonts/amssymb.sty
Package: amssymb 2013/01/14 v3.01 AMS font symbols

(/usr/share/texmf-dist/tex/latex/amsfonts/amsfonts.sty
Package: amsfonts 2013/01/14 v3.01 Basic AMSFonts support
\@emptytoks=\toks26
\symAMSa=\mathgroup4
\symAMSb=\mathgroup5
LaTeX Font Info:    Overwriting math alphabet `\mathfrak' in version `bold'
(Font)                  U/euf/m/n --> U/euf/b/n on input line 106.
))
(/usr/share/texmf-dist/tex/latex/sansmathaccent/sansmathaccent.sty
Package: sansmathaccent 2013/03/28

(/usr/share/texmf-dist/tex/latex/filehook/filehook.sty
Package: filehook 2011/10/12 v0.5d Hooks for input files
)))
(/usr/share/texmf-dist/tex/latex/beamer/beamerbasetranslator.sty
Package: beamerbasetranslator 2010/06/11  (rcs-revision 85fd1cc7fc42)

(/usr/share/texmf-dist/tex/latex/beamer/translator/translator.sty
Package: translator 2010/06/12 ver 1.10

(/usr/share/texmf-dist/tex/latex/beamer/translator/translator-language-mappings
.tex))) (/usr/share/texmf-dist/tex/latex/beamer/beamerbasemisc.sty
Package: beamerbasemisc 2013/09/03  (rcs-revision a55719c41d85)
)
(/usr/share/texmf-dist/tex/latex/beamer/beamerbasetwoscreens.sty
Package: beamerbasetwoscreens 2010/05/01  (rcs-revision efa082c6111d)
)
(/usr/share/texmf-dist/tex/latex/beamer/beamerbaseoverlay.sty
Package: beamerbaseoverlay 2013/12/25  (rcs-revision f6bd5e3805da)
\beamer@argscount=\count126
\beamer@lastskipcover=\skip44
\beamer@trivlistdepth=\count127
)
(/usr/share/texmf-dist/tex/latex/beamer/beamerbasetitle.sty
Package: beamerbasetitle 2010/09/21  (rcs-revision f0446ed0b6ae)
)
(/usr/share/texmf-dist/tex/latex/beamer/beamerbasesection.sty
Package: beamerbasesection 2013/06/07  (rcs-revision 60b9fe0f342f)
\c@lecture=\count128
\c@part=\count129
\c@section=\count130
\c@subsection=\count131
\c@subsubsection=\count132
)
(/usr/share/texmf-dist/tex/latex/beamer/beamerbaseframe.sty
Package: beamerbaseframe 2013/10/02  (rcs-revision cdc8e9a3aaac)
\beamer@framebox=\box40
\beamer@frametitlebox=\box41
\beamer@zoombox=\box42
\beamer@zoomcount=\count133
\beamer@zoomframecount=\count134
\beamer@frametextheight=\dimen168
\c@subsectionslide=\count135
\beamer@frametopskip=\skip45
\beamer@framebottomskip=\skip46
\beamer@frametopskipautobreak=\skip47
\beamer@framebottomskipautobreak=\skip48
\beamer@envbody=\toks27
\framewidth=\dimen169
\c@framenumber=\count136
)
(/usr/share/texmf-dist/tex/latex/beamer/beamerbaseverbatim.sty
Package: beamerbaseverbatim 2012/08/30  (rcs-revision dfdb135076b3)
\beamer@verbatimfileout=\write4
)
(/usr/share/texmf-dist/tex/latex/beamer/beamerbaseframesize.sty
Package: beamerbaseframesize 2011/09/12  (rcs-revision 70f9d8411e54)
\beamer@splitbox=\box43
\beamer@autobreakcount=\count137
\beamer@autobreaklastheight=\dimen170
\beamer@frametitletoks=\toks28
\beamer@framesubtitletoks=\toks29
)
(/usr/share/texmf-dist/tex/latex/beamer/beamerbaseframecomponents.sty
Package: beamerbaseframecomponents 2013/10/18  (rcs-revision 5cf6c5555a45)
\beamer@footins=\box44
)
(/usr/share/texmf-dist/tex/latex/beamer/beamerbasecolor.sty
Package: beamerbasecolor 2010/06/06  (rcs-revision d1a9b48be06d)
)
(/usr/share/texmf-dist/tex/latex/beamer/beamerbasenotes.sty
Package: beamerbasenotes 2012/12/19  (rcs-revision 1686da3db3c9)
\beamer@frameboxcopy=\box45
)
(/usr/share/texmf-dist/tex/latex/beamer/beamerbasetoc.sty
Package: beamerbasetoc 2013/05/23  (rcs-revision 0fdf5bc43be8)
)
(/usr/share/texmf-dist/tex/latex/beamer/beamerbasetemplates.sty
Package: beamerbasetemplates 2010/05/01  (rcs-revision efa082c6111d)
\beamer@sbttoks=\toks30

(/usr/share/texmf-dist/tex/latex/beamer/beamerbaseauxtemplates.sty
Package: beamerbaseauxtemplates 2013/09/04  (rcs-revision 4ac715c499d0)

(/usr/share/texmf-dist/tex/latex/beamer/beamerbaseboxes.sty
Package: beamerbaseboxes 2012/05/13  (rcs-revision 56972908a390)
\bmb@box=\box46
\bmb@colorbox=\box47
\bmb@boxshadow=\box48
\bmb@boxshadowball=\box49
\bmb@boxshadowballlarge=\box50
\bmb@temp=\dimen171
\bmb@dima=\dimen172
\bmb@dimb=\dimen173
\bmb@prevheight=\dimen174
)
\beamer@blockheadheight=\dimen175
))
(/usr/share/texmf-dist/tex/latex/beamer/beamerbaselocalstructure.sty
Package: beamerbaselocalstructure 2013/09/04  (rcs-revision 4ac715c499d0)

(/usr/share/texmf-dist/tex/latex/tools/enumerate.sty
Package: enumerate 1999/03/05 v3.00 enumerate extensions (DPC)
\@enLab=\toks31
)
\c@figure=\count138
\c@table=\count139
\abovecaptionskip=\skip49
\belowcaptionskip=\skip50
)
(/usr/share/texmf-dist/tex/latex/beamer/beamerbasenavigation.sty
Package: beamerbasenavigation 2013/10/05  (rcs-revision 62be157fe783)
\beamer@section@min@dim=\dimen176
)
(/usr/share/texmf-dist/tex/latex/beamer/beamerbasetheorems.sty
Package: beamerbasetheorems 2010/06/06  (rcs-revision 7e7cc5e53e9d)

(/usr/share/texmf-dist/tex/latex/amsmath/amsmath.sty
Package: amsmath 2013/01/14 v2.14 AMS math features
\@mathmargin=\skip51

For additional information on amsmath, use the `?' option.
(/usr/share/texmf-dist/tex/latex/amsmath/amstext.sty
Package: amstext 2000/06/29 v2.01

(/usr/share/texmf-dist/tex/latex/amsmath/amsgen.sty
File: amsgen.sty 1999/11/30 v2.0
\@emptytoks=\toks32
\ex@=\dimen177
))
(/usr/share/texmf-dist/tex/latex/amsmath/amsbsy.sty
Package: amsbsy 1999/11/29 v1.2d
\pmbraise@=\dimen178
)
(/usr/share/texmf-dist/tex/latex/amsmath/amsopn.sty
Package: amsopn 1999/12/14 v2.01 operator names
)
\inf@bad=\count140
LaTeX Info: Redefining \frac on input line 210.
\uproot@=\count141
\leftroot@=\count142
LaTeX Info: Redefining \overline on input line 306.
\classnum@=\count143
\DOTSCASE@=\count144
LaTeX Info: Redefining \ldots on input line 378.
LaTeX Info: Redefining \dots on input line 381.
LaTeX Info: Redefining \cdots on input line 466.
\Mathstrutbox@=\box51
\strutbox@=\box52
\big@size=\dimen179
LaTeX Font Info:    Redeclaring font encoding OML on input line 566.
LaTeX Font Info:    Redeclaring font encoding OMS on input line 567.
\macc@depth=\count145
\c@MaxMatrixCols=\count146
\dotsspace@=\muskip11
\c@parentequation=\count147
\dspbrk@lvl=\count148
\tag@help=\toks33
\row@=\count149
\column@=\count150
\maxfields@=\count151
\andhelp@=\toks34
\eqnshift@=\dimen180
\alignsep@=\dimen181
\tagshift@=\dimen182
\tagwidth@=\dimen183
\totwidth@=\dimen184
\lineht@=\dimen185
\@envbody=\toks35
\multlinegap=\skip52
\multlinetaggap=\skip53
\mathdisplay@stack=\toks36
LaTeX Info: Redefining \[ on input line 2665.
LaTeX Info: Redefining \] on input line 2666.
)
(/usr/share/texmf-dist/tex/latex/amscls/amsthm.sty
Package: amsthm 2009/07/02 v2.20.1
\thm@style=\toks37
\thm@bodyfont=\toks38
\thm@headfont=\toks39
\thm@notefont=\toks40
\thm@headpunct=\toks41
\thm@preskip=\skip54
\thm@postskip=\skip55
\thm@headsep=\skip56
\dth@everypar=\toks42
)
\c@theorem=\count152
)
(/usr/share/texmf-dist/tex/latex/beamer/beamerbasethemes.sty
Package: beamerbasethemes 2010/05/01  (rcs-revision efa082c6111d)
))
(/usr/share/texmf-dist/tex/latex/beamer/themes/theme/beamerthemedefault.sty
Package: beamerthemedefault 2010/06/17  (rcs-revision d02a7cf4d8ae)

(/usr/share/texmf-dist/tex/latex/beamer/themes/font/beamerfontthemedefault.sty
Package: beamerfontthemedefault 2012/12/19  (rcs-revision 1686da3db3c9)
)
(/usr/share/texmf-dist/tex/latex/beamer/themes/color/beamercolorthemedefault.st
y
Package: beamercolorthemedefault 2012/12/19  (rcs-revision 1686da3db3c9)
)
(/usr/share/texmf-dist/tex/latex/beamer/themes/inner/beamerinnerthemedefault.st
y
Package: beamerinnerthemedefault 2013/10/15  (rcs-revision 65cb471f9634)
\beamer@dima=\dimen186
\beamer@dimb=\dimen187
)
(/usr/share/texmf-dist/tex/latex/beamer/themes/outer/beamerouterthemedefault.st
y
Package: beamerouterthemedefault 2012/12/19  (rcs-revision 1686da3db3c9)
))) (./front_matter.tex (/usr/share/texmf-dist/tex/latex/base/fontenc.sty
Package: fontenc 2005/09/27 v1.99g Standard LaTeX package

(/usr/share/texmf-dist/tex/latex/base/t1enc.def
File: t1enc.def 2005/09/27 v1.99g Standard LaTeX file
LaTeX Font Info:    Redeclaring font encoding T1 on input line 43.
))
(/usr/share/texmf-dist/tex/latex/pgf/frontendlayer/tikz.sty
(/usr/share/texmf-dist/tex/latex/pgf/basiclayer/pgf.sty
Package: pgf 2013/12/18 v3.0.0 (rcs-revision 1.14)

(/usr/share/texmf-dist/tex/generic/pgf/modules/pgfmoduleshapes.code.tex
File: pgfmoduleshapes.code.tex 2013/10/31  (rcs-revision 1.34)
\pgfnodeparttextbox=\box53
)
(/usr/share/texmf-dist/tex/generic/pgf/modules/pgfmoduleplot.code.tex
File: pgfmoduleplot.code.tex 2013/07/31  (rcs-revision 1.12)
)
(/usr/share/texmf-dist/tex/latex/pgf/compatibility/pgfcomp-version-0-65.sty
Package: pgfcomp-version-0-65 2007/07/03 v3.0.0 (rcs-revision 1.7)
\pgf@nodesepstart=\dimen188
\pgf@nodesepend=\dimen189
)
(/usr/share/texmf-dist/tex/latex/pgf/compatibility/pgfcomp-version-1-18.sty
Package: pgfcomp-version-1-18 2007/07/23 v3.0.0 (rcs-revision 1.1)
))
(/usr/share/texmf-dist/tex/latex/pgf/utilities/pgffor.sty
(/usr/share/texmf-dist/tex/latex/pgf/utilities/pgfkeys.sty
(/usr/share/texmf-dist/tex/generic/pgf/utilities/pgfkeys.code.tex))
(/usr/share/texmf-dist/tex/latex/pgf/math/pgfmath.sty
(/usr/share/texmf-dist/tex/generic/pgf/math/pgfmath.code.tex))
(/usr/share/texmf-dist/tex/generic/pgf/utilities/pgffor.code.tex
Package: pgffor 2013/12/13 v3.0.0 (rcs-revision 1.25)

(/usr/share/texmf-dist/tex/generic/pgf/math/pgfmath.code.tex)
\pgffor@iter=\dimen190
\pgffor@skip=\dimen191
\pgffor@stack=\toks43
\pgffor@toks=\toks44
))
(/usr/share/texmf-dist/tex/generic/pgf/frontendlayer/tikz/tikz.code.tex
Package: tikz 2013/12/13 v3.0.0 (rcs-revision 1.142)

(/usr/share/texmf-dist/tex/generic/pgf/libraries/pgflibraryplothandlers.code.te
x
File: pgflibraryplothandlers.code.tex 2013/08/31 v3.0.0 (rcs-revision 1.20)
\pgf@plot@mark@count=\count153
\pgfplotmarksize=\dimen192
)
\tikz@lastx=\dimen193
\tikz@lasty=\dimen194
\tikz@lastxsaved=\dimen195
\tikz@lastysaved=\dimen196
\tikzleveldistance=\dimen197
\tikzsiblingdistance=\dimen198
\tikz@figbox=\box54
\tikz@figbox@bg=\box55
\tikz@tempbox=\box56
\tikz@tempbox@bg=\box57
\tikztreelevel=\count154
\tikznumberofchildren=\count155
\tikznumberofcurrentchild=\count156
\tikz@fig@count=\count157
 (/usr/share/texmf-dist/tex/generic/pgf/modules/pgfmodulematrix.code.tex
File: pgfmodulematrix.code.tex 2013/09/17  (rcs-revision 1.8)
\pgfmatrixcurrentrow=\count158
\pgfmatrixcurrentcolumn=\count159
\pgf@matrix@numberofcolumns=\count160
)
\tikz@expandcount=\count161

(/usr/share/texmf-dist/tex/generic/pgf/frontendlayer/tikz/libraries/tikzlibrary
topaths.code.tex
File: tikzlibrarytopaths.code.tex 2008/06/17 v3.0.0 (rcs-revision 1.2)
))) (/usr/share/texmf-dist/tex/latex/booktabs/booktabs.sty
Package: booktabs 2005/04/14 v1.61803 publication quality tables
\heavyrulewidth=\dimen199
\lightrulewidth=\dimen200
\cmidrulewidth=\dimen201
\belowrulesep=\dimen202
\belowbottomsep=\dimen203
\aboverulesep=\dimen204
\abovetopsep=\dimen205
\cmidrulesep=\dimen206
\cmidrulekern=\dimen207
\defaultaddspace=\dimen208
\@cmidla=\count162
\@cmidlb=\count163
\@aboverulesep=\dimen209
\@belowrulesep=\dimen210
\@thisruleclass=\count164
\@lastruleclass=\count165
\@thisrulewidth=\dimen211
)
(/usr/share/texmf-dist/tex/latex/tools/verbatim.sty
Package: verbatim 2003/08/22 v1.5q LaTeX2e package for verbatim enhancements
\every@verbatim=\toks45
\verbatim@line=\toks46
\verbatim@in@stream=\read2
)
(/usr/share/texmf-dist/tex/latex/fancyvrb/fancyvrb.sty
Package: fancyvrb 2008/02/07

Style option: `fancyvrb' v2.7a, with DG/SPQR fixes, and firstline=lastline fix 
<2008/02/07> (tvz)
\FV@CodeLineNo=\count166
\FV@InFile=\read3
\FV@TabBox=\box58
\c@FancyVerbLine=\count167
\FV@StepNumber=\count168
\FV@OutFile=\write5
) (/usr/share/texmf-dist/tex/latex/tools/multicol.sty
Package: multicol 2014/04/23 v1.8e multicolumn formatting (FMi)
\c@tracingmulticols=\count169
\mult@box=\box59
\multicol@leftmargin=\dimen212
\c@unbalance=\count170
\c@collectmore=\count171
\doublecol@number=\count172
\multicoltolerance=\count173
\multicolpretolerance=\count174
\full@width=\dimen213
\page@free=\dimen214
\premulticols=\dimen215
\postmulticols=\dimen216
\multicolsep=\skip57
\multicolbaselineskip=\skip58
\partial@page=\box60
\last@line=\box61
\maxbalancingoverflow=\dimen217
\mult@rightbox=\box62
\mult@grightbox=\box63
\mult@gfirstbox=\box64
\mult@firstbox=\box65
\@tempa=\box66
\@tempa=\box67
\@tempa=\box68
\@tempa=\box69
\@tempa=\box70
\@tempa=\box71
\@tempa=\box72
\@tempa=\box73
\@tempa=\box74
\@tempa=\box75
\@tempa=\box76
\@tempa=\box77
\@tempa=\box78
\@tempa=\box79
\@tempa=\box80
\@tempa=\box81
\@tempa=\box82
\c@columnbadness=\count175
\c@finalcolumnbadness=\count176
\last@try=\dimen218
\multicolovershoot=\dimen219
\multicolundershoot=\dimen220
\mult@nat@firstbox=\box83
\colbreak@box=\box84
\mc@col@check@num=\count177
)
(/usr/share/texmf-dist/tex/latex/oberdiek/grffile.sty
Package: grffile 2012/04/05 v1.16 Extended file name support for graphics (HO)
Package grffile Info: Option `multidot' is set to `true'.
Package grffile Info: Option `extendedchars' is set to `false'.
Package grffile Info: Option `space' is set to `true'.
Package grffile Info: \Gin@ii of package `graphicx' fixed on input line 486.
)
(/usr/share/texmf-dist/tex/latex/tools/array.sty
Package: array 2008/09/09 v2.4c Tabular extension package (FMi)
\col@sep=\dimen221
\extrarowheight=\dimen222
\NC@list=\toks47
\extratabsurround=\skip59
\backup@length=\skip60
)
(/usr/share/texmf-dist/tex/latex/beamer/themes/font/beamerfontthemeserif.sty
Package: beamerfontthemeserif 2010/06/17  (rcs-revision d02a7cf4d8ae)
)
(/usr/share/texmf-dist/tex/latex/beamer/themes/outer/beamerouterthemeinfolines.
sty
Package: beamerouterthemeinfolines 2012/10/16  (rcs-revision 51a8c72084af)
)
(/usr/share/texmf-dist/tex/latex/beamer/themes/outer/beamerouterthememiniframes
.sty
Package: beamerouterthememiniframes 2010/06/17  (rcs-revision d02a7cf4d8ae)
)
(/usr/share/texmf-dist/tex/latex/beamer/themes/inner/beamerinnerthemecircles.st
y
Package: beamerinnerthemecircles 2010/06/17  (rcs-revision d02a7cf4d8ae)
) (./color_info.tex)) (./2015_10_17_advanced_latex.aux)
\openout1 = `2015_10_17_advanced_latex.aux'.

LaTeX Font Info:    Checking defaults for OML/cmm/m/it on input line 11.
LaTeX Font Info:    ... okay on input line 11.
LaTeX Font Info:    Checking defaults for T1/cmr/m/n on input line 11.
LaTeX Font Info:    ... okay on input line 11.
LaTeX Font Info:    Checking defaults for OT1/cmr/m/n on input line 11.
LaTeX Font Info:    ... okay on input line 11.
LaTeX Font Info:    Checking defaults for OMS/cmsy/m/n on input line 11.
LaTeX Font Info:    ... okay on input line 11.
LaTeX Font Info:    Checking defaults for OMX/cmex/m/n on input line 11.
LaTeX Font Info:    ... okay on input line 11.
LaTeX Font Info:    Checking defaults for U/cmr/m/n on input line 11.
LaTeX Font Info:    ... okay on input line 11.
LaTeX Font Info:    Checking defaults for PD1/pdf/m/n on input line 11.
LaTeX Font Info:    ... okay on input line 11.

*geometry* driver: auto-detecting
*geometry* detected driver: pdftex
*geometry* verbose mode - [ preamble ] result:
* driver: pdftex
* paper: custom
* layout: <same size as paper>
* layoutoffset:(h,v)=(0.0pt,0.0pt)
* modes: includehead includefoot 
* h-part:(L,W,R)=(10.88002pt, 342.43532pt, 10.88002pt)
* v-part:(T,H,B)=(0.0pt, 273.14662pt, 0.0pt)
* \paperwidth=364.19536pt
* \paperheight=273.14662pt
* \textwidth=342.43532pt
* \textheight=244.6939pt
* \oddsidemargin=-61.38997pt
* \evensidemargin=-61.38997pt
* \topmargin=-72.26999pt
* \headheight=14.22636pt
* \headsep=0.0pt
* \topskip=11.0pt
* \footskip=14.22636pt
* \marginparwidth=4.0pt
* \marginparsep=10.0pt
* \columnsep=10.0pt
* \skip\footins=10.0pt plus 4.0pt minus 2.0pt
* \hoffset=0.0pt
* \voffset=0.0pt
* \mag=1000
* \@twocolumnfalse
* \@twosidefalse
* \@mparswitchfalse
* \@reversemarginfalse
* (1in=72.27pt=25.4mm, 1cm=28.453pt)

(/usr/share/texmf-dist/tex/context/base/supp-pdf.mkii
[Loading MPS to PDF converter (version 2006.09.02).]
\scratchcounter=\count178
\scratchdimen=\dimen223
\scratchbox=\box85
\nofMPsegments=\count179
\nofMParguments=\count180
\everyMPshowfont=\toks48
\MPscratchCnt=\count181
\MPscratchDim=\dimen224
\MPnumerator=\count182
\makeMPintoPDFobject=\count183
\everyMPtoPDFconversion=\toks49
) (/usr/share/texmf-dist/tex/latex/oberdiek/epstopdf-base.sty
Package: epstopdf-base 2010/02/09 v2.5 Base part for package epstopdf

(/usr/share/texmf-dist/tex/latex/oberdiek/grfext.sty
Package: grfext 2010/08/19 v1.1 Manage graphics extensions (HO)
)
Package grfext Info: Graphics extension search list:
(grfext)             [.png,.pdf,.jpg,.mps,.jpeg,.jbig2,.jb2,.PNG,.PDF,.JPG,.JPE
G,.JBIG2,.JB2,.eps]
(grfext)             \AppendGraphicsExtensions on input line 452.

(/usr/share/texmf-dist/tex/latex/latexconfig/epstopdf-sys.cfg
File: epstopdf-sys.cfg 2010/07/13 v1.3 Configuration of (r)epstopdf for TeX Liv
e
))
ABD: EveryShipout initializing macros
\AtBeginShipoutBox=\box86
Package hyperref Info: Link coloring OFF on input line 11.

(/usr/share/texmf-dist/tex/latex/hyperref/nameref.sty
Package: nameref 2012/10/27 v2.43 Cross-referencing by name of section

(/usr/share/texmf-dist/tex/generic/oberdiek/gettitlestring.sty
Package: gettitlestring 2010/12/03 v1.4 Cleanup title references (HO)
)
\c@section@level=\count184
)
LaTeX Info: Redefining \ref on input line 11.
LaTeX Info: Redefining \pageref on input line 11.
LaTeX Info: Redefining \nameref on input line 11.

(./2015_10_17_advanced_latex.out) (./2015_10_17_advanced_latex.out)
\@outlinefile=\write6
\openout6 = `2015_10_17_advanced_latex.out'.


(/usr/share/texmf-dist/tex/latex/beamer/translator/dicts/translator-basic-dicti
onary/translator-basic-dictionary-English.dict
Dictionary: translator-basic-dictionary, Language: English 
)
(/usr/share/texmf-dist/tex/latex/beamer/translator/dicts/translator-bibliograph
y-dictionary/translator-bibliography-dictionary-English.dict
Dictionary: translator-bibliography-dictionary, Language: English 
)
(/usr/share/texmf-dist/tex/latex/beamer/translator/dicts/translator-environment
-dictionary/translator-environment-dictionary-English.dict
Dictionary: translator-environment-dictionary, Language: English 
)
(/usr/share/texmf-dist/tex/latex/beamer/translator/dicts/translator-months-dict
ionary/translator-months-dictionary-English.dict
Dictionary: translator-months-dictionary, Language: English 
)
(/usr/share/texmf-dist/tex/latex/beamer/translator/dicts/translator-numbers-dic
tionary/translator-numbers-dictionary-English.dict
Dictionary: translator-numbers-dictionary, Language: English 
)
(/usr/share/texmf-dist/tex/latex/beamer/translator/dicts/translator-theorem-dic
tionary/translator-theorem-dictionary-English.dict
Dictionary: translator-theorem-dictionary, Language: English 
)
LaTeX Info: Redefining \includegraphics on input line 11.

(./2015_10_17_advanced_latex.nav)

LaTeX Font Warning: Font shape `T1/cmss/m/n' in size <4> not available
(Font)              size <5> substituted on input line 17.

[1{/var/lib/texmf/fonts/map/pdftex/updmap/pdftex.map}

] (./pieces/main.tex
[2

] (./2015_10_17_advanced_latex.toc) [3

] (./pieces/matrix.tex
(./2015_10_17_advanced_latex.toc) [4

]
\openout4 = `2015_10_17_advanced_latex.vrb'.

 (./2015_10_17_advanced_latex.vrb
LaTeX Font Info:    Try loading font information for T1+cmtt on input line 4.

(/usr/share/texmf-dist/tex/latex/base/t1cmtt.fd
File: t1cmtt.fd 1999/05/25 v2.5h Standard LaTeX font definitions
)
File: pieces/A.tex  (verbatim)
LaTeX Font Info:    Try loading font information for U+msa on input line 8.

(/usr/share/texmf-dist/tex/latex/amsfonts/umsa.fd
File: umsa.fd 2013/01/14 v3.01 AMS symbols A
)
LaTeX Font Info:    Try loading font information for U+msb on input line 8.

(/usr/share/texmf-dist/tex/latex/amsfonts/umsb.fd
File: umsb.fd 2013/01/14 v3.01 AMS symbols B
) (./pieces/A.tex)
(../code/snippets/tex/simple_table.tex
LaTeX Font Info:    Font shape `T1/cmtt/bx/n' in size <10> not available
(Font)              Font shape `T1/cmtt/m/n' tried instead on input line 2.
)) [5

] (./pieces/A.tex) (./pieces/x.tex)
(./pieces/b.tex) (./pieces/A.tex) (./pieces/x.tex) (./pieces/b.tex) [6

]
(../code/snippets/tex/simple_problem.tex) [7

]
(../code/snippets/py/simple_problem.tex) [8

]) (./pieces/fourier.tex
(./2015_10_17_advanced_latex.toc) [9

]
\openout4 = `2015_10_17_advanced_latex.vrb'.

 (./2015_10_17_advanced_latex.vrb
(../code/snippets/py/fourier.tex)) [10

] (../code/snippets/py/make_plots.tex)
[11

] (./pieces/closeup.tex
<../img/fouriers/1_1.pdf, id=609, 216.81pt x 144.54pt>
File: ../img/fouriers/1_1.pdf Graphic file (type pdf)

<use ../img/fouriers/1_1.pdf>
Package pdftex.def Info: ../img/fouriers/1_1.pdf used on input line 2.
(pdftex.def)             Requested size: 166.21765pt x 110.81754pt.

<../img/fouriers/1_2.pdf, id=610, 216.81pt x 144.54pt>
File: ../img/fouriers/1_2.pdf Graphic file (type pdf)

<use ../img/fouriers/1_2.pdf>
Package pdftex.def Info: ../img/fouriers/1_2.pdf used on input line 4.
(pdftex.def)             Requested size: 166.21765pt x 110.81754pt.

<../img/fouriers/1_3.pdf, id=611, 216.81pt x 144.54pt>
File: ../img/fouriers/1_3.pdf Graphic file (type pdf)

<use ../img/fouriers/1_3.pdf>
Package pdftex.def Info: ../img/fouriers/1_3.pdf used on input line 6.
(pdftex.def)             Requested size: 166.21765pt x 110.81754pt.

<../img/fouriers/1_4.pdf, id=612, 216.81pt x 144.54pt>
File: ../img/fouriers/1_4.pdf Graphic file (type pdf)

<use ../img/fouriers/1_4.pdf>
Package pdftex.def Info: ../img/fouriers/1_4.pdf used on input line 8.
(pdftex.def)             Requested size: 166.21765pt x 110.81754pt.
)
Overfull \vbox (14.54042pt too high) detected at line 29
 []

[12

 <../img/fouriers/1_1.pdf> <../img/fouriers/1_2.pdf

pdfTeX warning: pdflatex (file ../img/fouriers/1_2.pdf): PDF inclusion: multipl
e pdfs with page group included in a single page
> <../img/fouriers/1_3.pdf

pdfTeX warning: pdflatex (file ../img/fouriers/1_3.pdf): PDF inclusion: multipl
e pdfs with page group included in a single page
> <../img/fouriers/1_4.pdf

pdfTeX warning: pdflatex (file ../img/fouriers/1_4.pdf): PDF inclusion: multipl
e pdfs with page group included in a single page
>] (./pieces/grid.tex
File: ../img/fouriers/1_1.pdf Graphic file (type pdf)
 <use ../img/fouriers/1_1.pdf>
Package pdftex.def Info: ../img/fouriers/1_1.pdf used on input line 2.
(pdftex.def)             Requested size: 60.48706pt x 40.32315pt.
File: ../img/fouriers/1_2.pdf Graphic file (type pdf)

<use ../img/fouriers/1_2.pdf>
Package pdftex.def Info: ../img/fouriers/1_2.pdf used on input line 4.
(pdftex.def)             Requested size: 60.48706pt x 40.32315pt.
File: ../img/fouriers/1_3.pdf Graphic file (type pdf)
 <use ../img/fouriers/1_3.pdf>
Package pdftex.def Info: ../img/fouriers/1_3.pdf used on input line 6.
(pdftex.def)             Requested size: 60.48706pt x 40.32315pt.
File: ../img/fouriers/1_4.pdf Graphic file (type pdf)

<use ../img/fouriers/1_4.pdf>
Package pdftex.def Info: ../img/fouriers/1_4.pdf used on input line 8.
(pdftex.def)             Requested size: 60.48706pt x 40.32315pt.

<../img/fouriers/1_5.pdf, id=699, 216.81pt x 144.54pt>
File: ../img/fouriers/1_5.pdf Graphic file (type pdf)

<use ../img/fouriers/1_5.pdf>
Package pdftex.def Info: ../img/fouriers/1_5.pdf used on input line 10.
(pdftex.def)             Requested size: 60.48706pt x 40.32315pt.

<../img/fouriers/2_1.pdf, id=700, 216.81pt x 144.54pt>
File: ../img/fouriers/2_1.pdf Graphic file (type pdf)

<use ../img/fouriers/2_1.pdf>
Package pdftex.def Info: ../img/fouriers/2_1.pdf used on input line 12.
(pdftex.def)             Requested size: 60.48706pt x 40.32315pt.

<../img/fouriers/2_2.pdf, id=701, 216.81pt x 144.54pt>
File: ../img/fouriers/2_2.pdf Graphic file (type pdf)

<use ../img/fouriers/2_2.pdf>
Package pdftex.def Info: ../img/fouriers/2_2.pdf used on input line 14.
(pdftex.def)             Requested size: 60.48706pt x 40.32315pt.

<../img/fouriers/2_3.pdf, id=702, 216.81pt x 144.54pt>
File: ../img/fouriers/2_3.pdf Graphic file (type pdf)

<use ../img/fouriers/2_3.pdf>
Package pdftex.def Info: ../img/fouriers/2_3.pdf used on input line 16.
(pdftex.def)             Requested size: 60.48706pt x 40.32315pt.

<../img/fouriers/2_4.pdf, id=703, 216.81pt x 144.54pt>
File: ../img/fouriers/2_4.pdf Graphic file (type pdf)

<use ../img/fouriers/2_4.pdf>
Package pdftex.def Info: ../img/fouriers/2_4.pdf used on input line 18.
(pdftex.def)             Requested size: 60.48706pt x 40.32315pt.

<../img/fouriers/2_5.pdf, id=704, 216.81pt x 144.54pt>
File: ../img/fouriers/2_5.pdf Graphic file (type pdf)

<use ../img/fouriers/2_5.pdf>
Package pdftex.def Info: ../img/fouriers/2_5.pdf used on input line 20.
(pdftex.def)             Requested size: 60.48706pt x 40.32315pt.

<../img/fouriers/3_1.pdf, id=705, 216.81pt x 144.54pt>
File: ../img/fouriers/3_1.pdf Graphic file (type pdf)

<use ../img/fouriers/3_1.pdf>
Package pdftex.def Info: ../img/fouriers/3_1.pdf used on input line 22.
(pdftex.def)             Requested size: 60.48706pt x 40.32315pt.

<../img/fouriers/3_2.pdf, id=706, 216.81pt x 144.54pt>
File: ../img/fouriers/3_2.pdf Graphic file (type pdf)

<use ../img/fouriers/3_2.pdf>
Package pdftex.def Info: ../img/fouriers/3_2.pdf used on input line 24.
(pdftex.def)             Requested size: 60.48706pt x 40.32315pt.

<../img/fouriers/3_3.pdf, id=707, 216.81pt x 144.54pt>
File: ../img/fouriers/3_3.pdf Graphic file (type pdf)

<use ../img/fouriers/3_3.pdf>
Package pdftex.def Info: ../img/fouriers/3_3.pdf used on input line 26.
(pdftex.def)             Requested size: 60.48706pt x 40.32315pt.

<../img/fouriers/3_4.pdf, id=708, 216.81pt x 144.54pt>
File: ../img/fouriers/3_4.pdf Graphic file (type pdf)

<use ../img/fouriers/3_4.pdf>
Package pdftex.def Info: ../img/fouriers/3_4.pdf used on input line 28.
(pdftex.def)             Requested size: 60.48706pt x 40.32315pt.

<../img/fouriers/3_5.pdf, id=709, 216.81pt x 144.54pt>
File: ../img/fouriers/3_5.pdf Graphic file (type pdf)

<use ../img/fouriers/3_5.pdf>
Package pdftex.def Info: ../img/fouriers/3_5.pdf used on input line 30.
(pdftex.def)             Requested size: 60.48706pt x 40.32315pt.

<../img/fouriers/4_1.pdf, id=710, 216.81pt x 144.54pt>
File: ../img/fouriers/4_1.pdf Graphic file (type pdf)

<use ../img/fouriers/4_1.pdf>
Package pdftex.def Info: ../img/fouriers/4_1.pdf used on input line 32.
(pdftex.def)             Requested size: 60.48706pt x 40.32315pt.

<../img/fouriers/4_2.pdf, id=711, 216.81pt x 144.54pt>
File: ../img/fouriers/4_2.pdf Graphic file (type pdf)

<use ../img/fouriers/4_2.pdf>
Package pdftex.def Info: ../img/fouriers/4_2.pdf used on input line 34.
(pdftex.def)             Requested size: 60.48706pt x 40.32315pt.

<../img/fouriers/4_3.pdf, id=712, 216.81pt x 144.54pt>
File: ../img/fouriers/4_3.pdf Graphic file (type pdf)

<use ../img/fouriers/4_3.pdf>
Package pdftex.def Info: ../img/fouriers/4_3.pdf used on input line 36.
(pdftex.def)             Requested size: 60.48706pt x 40.32315pt.

<../img/fouriers/4_4.pdf, id=713, 216.81pt x 144.54pt>
File: ../img/fouriers/4_4.pdf Graphic file (type pdf)

<use ../img/fouriers/4_4.pdf>
Package pdftex.def Info: ../img/fouriers/4_4.pdf used on input line 38.
(pdftex.def)             Requested size: 60.48706pt x 40.32315pt.

<../img/fouriers/4_5.pdf, id=714, 216.81pt x 144.54pt>
File: ../img/fouriers/4_5.pdf Graphic file (type pdf)

<use ../img/fouriers/4_5.pdf>
Package pdftex.def Info: ../img/fouriers/4_5.pdf used on input line 40.
(pdftex.def)             Requested size: 60.48706pt x 40.32315pt.

<../img/fouriers/5_1.pdf, id=715, 216.81pt x 144.54pt>
File: ../img/fouriers/5_1.pdf Graphic file (type pdf)

<use ../img/fouriers/5_1.pdf>
Package pdftex.def Info: ../img/fouriers/5_1.pdf used on input line 42.
(pdftex.def)             Requested size: 60.48706pt x 40.32315pt.

<../img/fouriers/5_2.pdf, id=716, 216.81pt x 144.54pt>
File: ../img/fouriers/5_2.pdf Graphic file (type pdf)

<use ../img/fouriers/5_2.pdf>
Package pdftex.def Info: ../img/fouriers/5_2.pdf used on input line 44.
(pdftex.def)             Requested size: 60.48706pt x 40.32315pt.

<../img/fouriers/5_3.pdf, id=717, 216.81pt x 144.54pt>
File: ../img/fouriers/5_3.pdf Graphic file (type pdf)

<use ../img/fouriers/5_3.pdf>
Package pdftex.def Info: ../img/fouriers/5_3.pdf used on input line 46.
(pdftex.def)             Requested size: 60.48706pt x 40.32315pt.

<../img/fouriers/5_4.pdf, id=718, 216.81pt x 144.54pt>
File: ../img/fouriers/5_4.pdf Graphic file (type pdf)

<use ../img/fouriers/5_4.pdf>
Package pdftex.def Info: ../img/fouriers/5_4.pdf used on input line 48.
(pdftex.def)             Requested size: 60.48706pt x 40.32315pt.

<../img/fouriers/5_5.pdf, id=719, 216.81pt x 144.54pt>
File: ../img/fouriers/5_5.pdf Graphic file (type pdf)

<use ../img/fouriers/5_5.pdf>
Package pdftex.def Info: ../img/fouriers/5_5.pdf used on input line 50.
(pdftex.def)             Requested size: 60.48706pt x 40.32315pt.
)
Overfull \vbox (8.40112pt too high) detected at line 34
 []

[13

 <../img/fouriers/1_5.pdf> <../img/fouriers/2_1.pdf

pdfTeX warning: pdflatex (file ../img/fouriers/2_1.pdf): PDF inclusion: multipl
e pdfs with page group included in a single page
> <../img/fouriers/2_2.pdf

pdfTeX warning: pdflatex (file ../img/fouriers/2_2.pdf): PDF inclusion: multipl
e pdfs with page group included in a single page
> <../img/fouriers/2_3.pdf

pdfTeX warning: pdflatex (file ../img/fouriers/2_3.pdf): PDF inclusion: multipl
e pdfs with page group included in a single page
> <../img/fouriers/2_4.pdf

pdfTeX warning: pdflatex (file ../img/fouriers/2_4.pdf): PDF inclusion: multipl
e pdfs with page group included in a single page
> <../img/fouriers/2_5.pdf

pdfTeX warning: pdflatex (file ../img/fouriers/2_5.pdf): PDF inclusion: multipl
e pdfs with page group included in a single page
> <../img/fouriers/3_1.pdf

pdfTeX warning: pdflatex (file ../img/fouriers/3_1.pdf): PDF inclusion: multipl
e pdfs with page group included in a single page
> <../img/fouriers/3_2.pdf

pdfTeX warning: pdflatex (file ../img/fouriers/3_2.pdf): PDF inclusion: multipl
e pdfs with page group included in a single page
> <../img/fouriers/3_3.pdf

pdfTeX warning: pdflatex (file ../img/fouriers/3_3.pdf): PDF inclusion: multipl
e pdfs with page group included in a single page
> <../img/fouriers/3_4.pdf

pdfTeX warning: pdflatex (file ../img/fouriers/3_4.pdf): PDF inclusion: multipl
e pdfs with page group included in a single page
> <../img/fouriers/3_5.pdf

pdfTeX warning: pdflatex (file ../img/fouriers/3_5.pdf): PDF inclusion: multipl
e pdfs with page group included in a single page
> <../img/fouriers/4_1.pdf

pdfTeX warning: pdflatex (file ../img/fouriers/4_1.pdf): PDF inclusion: multipl
e pdfs with page group included in a single page
> <../img/fouriers/4_2.pdf

pdfTeX warning: pdflatex (file ../img/fouriers/4_2.pdf): PDF inclusion: multipl
e pdfs with page group included in a single page
> <../img/fouriers/4_3.pdf

pdfTeX warning: pdflatex (file ../img/fouriers/4_3.pdf): PDF inclusion: multipl
e pdfs with page group included in a single page
> <../img/fouriers/4_4.pdf

pdfTeX warning: pdflatex (file ../img/fouriers/4_4.pdf): PDF inclusion: multipl
e pdfs with page group included in a single page
> <../img/fouriers/4_5.pdf

pdfTeX warning: pdflatex (file ../img/fouriers/4_5.pdf): PDF inclusion: multipl
e pdfs with page group included in a single page
> <../img/fouriers/5_1.pdf

pdfTeX warning: pdflatex (file ../img/fouriers/5_1.pdf): PDF inclusion: multipl
e pdfs with page group included in a single page
> <../img/fouriers/5_2.pdf

pdfTeX warning: pdflatex (file ../img/fouriers/5_2.pdf): PDF inclusion: multipl
e pdfs with page group included in a single page
> <../img/fouriers/5_3.pdf

pdfTeX warning: pdflatex (file ../img/fouriers/5_3.pdf): PDF inclusion: multipl
e pdfs with page group included in a single page
> <../img/fouriers/5_4.pdf

pdfTeX warning: pdflatex (file ../img/fouriers/5_4.pdf): PDF inclusion: multipl
e pdfs with page group included in a single page
> <../img/fouriers/5_5.pdf

pdfTeX warning: pdflatex (file ../img/fouriers/5_5.pdf): PDF inclusion: multipl
e pdfs with page group included in a single page
>] (../code/snippets/py/using_grid.tex) [14

] (../code/snippets/py/grid.tex)
[15

]
\openout4 = `2015_10_17_advanced_latex.vrb'.

 (./2015_10_17_advanced_latex.vrb
(../code/snippets/py/string_formatting.tex)) [16

]
\openout4 = `2015_10_17_advanced_latex.vrb'.


(./2015_10_17_advanced_latex.vrb
File: pieces/amiri.tex  (verbatim)
File: pieces/leev.tex  (verbatim)
 (../code/snippets/tex/template_results.tex))
Overfull \hbox (12.2023pt too wide) in paragraph at lines 2--72
[][]  
 []

[17

]
\openout4 = `2015_10_17_advanced_latex.vrb'.

 (./2015_10_17_advanced_latex.vrb (../code/snippets/py/template.tex))
[18

] <../img/EmirJoseMacari_2015_08_26.png, id=1165, 359.4228pt x 268.8444pt>
File: ../img/EmirJoseMacari_2015_08_26.png Graphic file (type png)

<use ../img/EmirJoseMacari_2015_08_26.png>
Package pdftex.def Info: ../img/EmirJoseMacari_2015_08_26.png used on input lin
e 91.
(pdftex.def)             Requested size: 145.67592pt x 108.96342pt.

<../img/2015_07_08_IttiphongLeevongwat.png, id=1167, 614.295pt x 794.97pt>
File: ../img/2015_07_08_IttiphongLeevongwat.png Graphic file (type png)

<use ../img/2015_07_08_IttiphongLeevongwat.png>
Package pdftex.def Info: ../img/2015_07_08_IttiphongLeevongwat.png used on inpu
t line 91.
(pdftex.def)             Requested size: 147.74312pt x 191.2018pt.
 [19

 <../img/EmirJoseMacari_2015_08_26.png> <../img/2015_07_08_IttiphongLeevongwat.
png>]
<../img/2015_UNOEF_Schedule.png, id=1209, 794.97pt x 614.295pt>
File: ../img/2015_UNOEF_Schedule.png Graphic file (type png)

<use ../img/2015_UNOEF_Schedule.png>
Package pdftex.def Info: ../img/2015_UNOEF_Schedule.png used on input line 98.
(pdftex.def)             Requested size: 247.43283pt x 191.2018pt.
 [20

 <../img/2015_UNOEF_Schedule.png>])
(./pieces/snippets.tex (./2015_10_17_advanced_latex.toc) [21

]
(../code/snippets/tex/using_snippets.tex) [22

]
(../code/snippets/tex/beamer_snippets.tex) [23

]
(../code/snippets/py/pygmentize.tex) [24

]
\openout4 = `2015_10_17_advanced_latex.vrb'.

 (./2015_10_17_advanced_latex.vrb
(./pieces/verbatim_table_colored.tex)) [25

]
\openout4 = `2015_10_17_advanced_latex.vrb'.

 (./2015_10_17_advanced_latex.vrb
(../code/snippets/py/define_matches.tex)) [26

] (../code/snippets/py/snipdef.tex) [27

] (../code/snippets/py/collect_lines.tex) [28

]
(../code/snippets/py/write_snippets.tex) [29

]
(../code/snippets/py/pygmentize.tex) (../code/snippets/tex/snippet_example.tex)
[30

]) (./2015_10_17_advanced_latex.toc) [31

]
<../img/Table_Only_2015_09_23_learning.pdf, id=1700, 364.19562pt x 273.14648pt>
File: ../img/Table_Only_2015_09_23_learning.pdf Graphic file (type pdf)
<use ../img/Table_Only_2015_09_23_learning.pdf>
Package pdftex.def Info: ../img/Table_Only_2015_09_23_learning.pdf used on inpu
t line 50.
(pdftex.def)             Requested size: 188.34047pt x 141.25758pt.
 [32

 <../img/Table_Only_2015_09_23_learning.pdf>] (../code/snippets/tex/currentsect
ion.tex) [33

]

LaTeX Font Warning: Font shape `T1/cmtt/m/n' in size <4> not available
(Font)              size <5> substituted on input line 83.

File: pieces/tree.txt  (verbatim)

Overfull \hbox (10.16054pt too wide) in paragraph at lines 83--83
[]\T1/cmtt/m/n/5 |-- 2015_10_17_advanced_latex.synctex.gz[] 
 []


Overfull \hbox (4.84935pt too wide) in paragraph at lines 83--83
[]\T1/cmtt/m/n/5 |-- 2015_07_08_IttiphongLeevongwat.png[] 
 []


Overfull \hbox (4.84935pt too wide) in paragraph at lines 83--83
[]\T1/cmtt/m/n/5 `-- Table_Only_2015_09_23_learning.pdf[] 
 []

[34

])
\tf@nav=\write7
\openout7 = `2015_10_17_advanced_latex.nav'.

\tf@toc=\write8
\openout8 = `2015_10_17_advanced_latex.toc'.

\tf@snm=\write9
\openout9 = `2015_10_17_advanced_latex.snm'.

Package atveryend Info: Empty hook `BeforeClearDocument' on input line 20.
Package atveryend Info: Empty hook `AfterLastShipout' on input line 20.
 (./2015_10_17_advanced_latex.aux)
Package atveryend Info: Executing hook `AtVeryEndDocument' on input line 20.
Package atveryend Info: Executing hook `AtEndAfterFileList' on input line 20.
Package rerunfilecheck Info: File `2015_10_17_advanced_latex.out' has not chang
ed.
(rerunfilecheck)             Checksum: D0E854CDD79796D1DC1DD13ECACD058A;820.


LaTeX Font Warning: Size substitutions with differences
(Font)              up to 1.0pt have occurred.

Package atveryend Info: Empty hook `AtVeryVeryEnd' on input line 20.
 ) 
Here is how much of TeX's memory you used:
 20931 strings out of 493108
 406694 string characters out of 6140724
 516267 words of memory out of 5000000
 23697 multiletter control sequences out of 15000+600000
 17533 words of font info for 47 fonts, out of 8000000 for 9000
 1141 hyphenation exceptions out of 8191
 56i,19n,88p,456b,731s stack positions out of 5000i,500n,10000p,200000b,80000s
{/usr/share/texmf-dist/fonts/enc/dvips/cm-super/cm-super-t1.enc}</usr/share/t
exmf-dist/fonts/type1/public/amsfonts/cm/cmex10.pfb></usr/share/texmf-dist/font
s/type1/public/amsfonts/cm/cmmi10.pfb></usr/share/texmf-dist/fonts/type1/public
/amsfonts/cm/cmmi12.pfb></usr/share/texmf-dist/fonts/type1/public/amsfonts/cm/c
mr10.pfb></usr/share/texmf-dist/fonts/type1/public/amsfonts/cm/cmr12.pfb></usr/
share/texmf-dist/fonts/type1/public/amsfonts/cm/cmr8.pfb></usr/share/texmf-dist
/fonts/type1/public/amsfonts/cm/cmss10.pfb></usr/share/texmf-dist/fonts/type1/p
ublic/amsfonts/cm/cmss12.pfb></usr/share/texmf-dist/fonts/type1/public/amsfonts
/cm/cmss8.pfb></usr/share/texmf-dist/fonts/type1/public/amsfonts/cm/cmssbx10.pf
b></usr/share/texmf-dist/fonts/type1/public/amsfonts/cm/cmsy10.pfb></usr/share/
texmf-dist/fonts/type1/public/amsfonts/cm/cmsy8.pfb></usr/share/texmf-dist/font
s/type1/public/cm-super/sfit1000.pfb></usr/share/texmf-dist/fonts/type1/public/
cm-super/sfrm0600.pfb></usr/share/texmf-dist/fonts/type1/public/cm-super/sfss06
00.pfb></usr/share/texmf-dist/fonts/type1/public/cm-super/sfss1000.pfb></usr/sh
are/texmf-dist/fonts/type1/public/cm-super/sfss1095.pfb></usr/share/texmf-dist/
fonts/type1/public/cm-super/sfss1440.pfb></usr/share/texmf-dist/fonts/type1/pub
lic/cm-super/sfsx1095.pfb></usr/share/texmf-dist/fonts/type1/public/cm-super/sf
sx1440.pfb></usr/share/texmf-dist/fonts/type1/public/cm-super/sftt0800.pfb></us
r/share/texmf-dist/fonts/type1/public/cm-super/sftt1000.pfb></usr/share/texmf-d
ist/fonts/type1/public/cm-super/sftt1095.pfb>
Output written on 2015_10_17_advanced_latex.pdf (34 pages, 1914794 bytes).
PDF statistics:
 1922 PDF objects out of 2073 (max. 8388607)
 1775 compressed objects within 18 object streams
 87 named destinations out of 1000 (max. 500000)
 292 words of extra memory for PDF output out of 10000 (max. 10000000)

